<?xml version="1.0" encoding="UTF-8"?>
<!-- Generated by org.testng.reporters.JUnitXMLReporter -->
<testsuite ignored="2" hostname="DESKTOP-UIFG9QV" failures="0" tests="1" name="Default test" time="12.504" errors="0" timestamp="2021-03-22T07:10:33 IST">
  <testcase classname="Tests.TestNg_Groups" name="tc_01" time="12.44"/>
  <testcase classname="Tests.TestNg_Groups" name="tc_02" time="0.0">
    <ignored/>
  </testcase> <!-- tc_02 -->
  <testcase classname="Tests.TestNg_Groups" name="tc_03" time="0.0">
    <ignored/>
  </testcase> <!-- tc_03 -->
</testsuite> <!-- Default test -->
