<?xml version="1.0" encoding="UTF-8"?>
<!-- Generated by org.testng.reporters.JUnitXMLReporter -->
<testsuite ignored="1" hostname="DESKTOP-UIFG9QV" failures="0" tests="2" name="Regression1" time="14.961" errors="0" timestamp="2021-03-22T07:15:00 IST">
  <testcase classname="Tests.TestNg_Groups" name="tc_03" time="7.157"/>
  <testcase classname="Tests.TestNg_Groups" name="tc_01" time="7.741"/>
  <testcase classname="Tests.TestNg_Groups" name="tc_02" time="0.0">
    <ignored/>
  </testcase> <!-- tc_02 -->
</testsuite> <!-- Regression1 -->
