<?xml version="1.0" encoding="UTF-8"?>
<testng-results ignored="0" total="2" passed="2" failed="0" skipped="0">
  <reporter-output>
  </reporter-output>
  <suite started-at="2021-03-22T07:21:10 IST" name="Suite" finished-at="2021-03-22T07:21:46 IST" duration-ms="35541">
    <groups>
    </groups>
    <test started-at="2021-03-22T07:21:10 IST" name="chrometest" finished-at="2021-03-22T07:21:37 IST" duration-ms="27164">
      <class name="TestNg_Example.Kb_login">
        <test-method signature="open_browser(java.lang.String)[pri:0, instance:TestNg_Example.Kb_login@6b8ca3c8]" started-at="2021-03-22T07:21:10 IST" name="open_browser" finished-at="2021-03-22T07:21:37 IST" duration-ms="27092" status="PASS">
          <params>
            <param index="0">
              <value>
                <![CDATA[chrome]]>
              </value>
            </param>
          </params>
          <reporter-output>
          </reporter-output>
        </test-method> <!-- open_browser -->
      </class> <!-- TestNg_Example.Kb_login -->
    </test> <!-- chrometest -->
    <test started-at="2021-03-22T07:21:10 IST" name="edgetest" finished-at="2021-03-22T07:21:46 IST" duration-ms="35541">
      <class name="TestNg_Example.KB_LOGIN_TEST">
        <test-method signature="open_browsers(java.lang.String)[pri:0, instance:TestNg_Example.KB_LOGIN_TEST@2e1d27ba]" started-at="2021-03-22T07:21:10 IST" name="open_browsers" finished-at="2021-03-22T07:21:46 IST" duration-ms="35477" status="PASS">
          <params>
            <param index="0">
              <value>
                <![CDATA[edge]]>
              </value>
            </param>
          </params>
          <reporter-output>
          </reporter-output>
        </test-method> <!-- open_browsers -->
      </class> <!-- TestNg_Example.KB_LOGIN_TEST -->
    </test> <!-- edgetest -->
  </suite> <!-- Suite -->
</testng-results>
